Using pre-set license
Built from '2021.3/staging' branch; Version is '2021.3.15f1 (e8e88683f834) revision 15263878'; Using compiler version '192829333'; Build Type 'Release'
OS: 'Windows 11  (10.0.22621) 64bit Professional' Language: 'ja' Physical Memory: 32560 MB
BatchMode: 1, IsHumanControllingUs: 0, StartBugReporterOnCrash: 0, Is64bit: 1, IsPro: 1

COMMAND LINE ARGUMENTS:
C:\Program Files\Unity\Hub\Editor\2021.3.15f1\Editor\Unity.exe
-adb2
-batchMode
-noUpm
-name
AssetImportWorker0
-projectPath
C:/Users/fko2347002/source/repos/GameEngine/PushCookie
-logFile
Logs/AssetImportWorker0.log
-srvPort
55073
Successfully changed project path to: C:/Users/fko2347002/source/repos/GameEngine/PushCookie
C:/Users/fko2347002/source/repos/GameEngine/PushCookie
[UnityMemory] Configuration Parameters - Can be set up in boot.config
    "memorysetup-bucket-allocator-granularity=16"
    "memorysetup-bucket-allocator-bucket-count=8"
    "memorysetup-bucket-allocator-block-size=33554432"
    "memorysetup-bucket-allocator-block-count=8"
    "memorysetup-main-allocator-block-size=16777216"
    "memorysetup-thread-allocator-block-size=16777216"
    "memorysetup-gfx-main-allocator-block-size=16777216"
    "memorysetup-gfx-thread-allocator-block-size=16777216"
    "memorysetup-cache-allocator-block-size=4194304"
    "memorysetup-typetree-allocator-block-size=2097152"
    "memorysetup-profiler-bucket-allocator-granularity=16"
    "memorysetup-profiler-bucket-allocator-bucket-count=8"
    "memorysetup-profiler-bucket-allocator-block-size=33554432"
    "memorysetup-profiler-bucket-allocator-block-count=8"
    "memorysetup-profiler-allocator-block-size=16777216"
    "memorysetup-profiler-editor-allocator-block-size=1048576"
    "memorysetup-temp-allocator-size-main=16777216"
    "memorysetup-job-temp-allocator-block-size=2097152"
    "memorysetup-job-temp-allocator-block-size-background=1048576"
    "memorysetup-job-temp-allocator-reduction-small-platforms=262144"
    "memorysetup-temp-allocator-size-background-worker=32768"
    "memorysetup-temp-allocator-size-job-worker=262144"
    "memorysetup-temp-allocator-size-preload-manager=33554432"
    "memorysetup-temp-allocator-size-nav-mesh-worker=65536"
    "memorysetup-temp-allocator-size-audio-worker=65536"
    "memorysetup-temp-allocator-size-cloud-worker=32768"
    "memorysetup-temp-allocator-size-gi-baking-worker=262144"
    "memorysetup-temp-allocator-size-gfx=262144"
Player connection [22984] Host "[IP] 172.18.33.118 [Port] 0 [Flags] 2 [Guid] 1720366497 [EditorId] 1720366497 [Version] 1048832 [Id] WindowsEditor(7,FIC-PCROOM3C-18) [Debug] 1 [PackageName] WindowsEditor [ProjectName] Editor" joined multi-casting on [225.0.0.222:54997]...

Player connection [22984] Host "[IP] 172.18.33.118 [Port] 0 [Flags] 2 [Guid] 1720366497 [EditorId] 1720366497 [Version] 1048832 [Id] WindowsEditor(7,FIC-PCROOM3C-18) [Debug] 1 [PackageName] WindowsEditor [ProjectName] Editor" joined alternative multi-casting on [225.0.0.222:34997]...

Refreshing native plugins compatible for Editor in 48.36 ms, found 3 plugins.
Preloading 0 native plugins for Editor in 0.00 ms.
Initialize engine version: 2021.3.15f1 (e8e88683f834)
[Subsystems] Discovering subsystems at path C:/Program Files/Unity/Hub/Editor/2021.3.15f1/Editor/Data/Resources/UnitySubsystems
[Subsystems] Discovering subsystems at path C:/Users/fko2347002/source/repos/GameEngine/PushCookie/Assets
GfxDevice: creating device client; threaded=0; jobified=0
Direct3D:
    Version:  Direct3D 11.0 [level 11.1]
    Renderer: NVIDIA GeForce RTX 3070 (ID=0x2488)
    Vendor:   NVIDIA
    VRAM:     8032 MB
    Driver:   31.0.15.3619
Initialize mono
Mono path[0] = 'C:/Program Files/Unity/Hub/Editor/2021.3.15f1/Editor/Data/Managed'
Mono path[1] = 'C:/Program Files/Unity/Hub/Editor/2021.3.15f1/Editor/Data/MonoBleedingEdge/lib/mono/unityjit-win32'
Mono config path = 'C:/Program Files/Unity/Hub/Editor/2021.3.15f1/Editor/Data/MonoBleedingEdge/etc'
Using monoOptions --debugger-agent=transport=dt_socket,embedding=1,server=y,suspend=n,address=127.0.0.1:56276
Begin MonoManager ReloadAssembly
Registering precompiled unity dll's ...
Register platform support module: C:/Program Files/Unity/Hub/Editor/2021.3.15f1/Editor/Data/PlaybackEngines/WebGLSupport/UnityEditor.WebGL.Extensions.dll
Register platform support module: C:/Program Files/Unity/Hub/Editor/2021.3.15f1/Editor/Data/PlaybackEngines/WindowsStandaloneSupport/UnityEditor.WindowsStandalone.Extensions.dll
Registered in 0.002814 seconds.
Native extension for WindowsStandalone target not found
Native extension for WebGL target not found
Refreshing native plugins compatible for Editor in 46.68 ms, found 3 plugins.
Preloading 0 native plugins for Editor in 0.00 ms.
Mono: successfully reloaded assembly
- Completed reload, in  0.392 seconds
Domain Reload Profiling:
	ReloadAssembly (392ms)
		BeginReloadAssembly (48ms)
			ExecutionOrderSort (0ms)
			DisableScriptedObjects (0ms)
			BackupInstance (0ms)
			ReleaseScriptingObjects (0ms)
			CreateAndSetChildDomain (1ms)
		EndReloadAssembly (274ms)
			LoadAssemblies (47ms)
			RebuildTransferFunctionScriptingTraits (0ms)
			SetupTypeCache (68ms)
			ReleaseScriptCaches (0ms)
			RebuildScriptCaches (19ms)
			SetupLoadedEditorAssemblies (154ms)
				LogAssemblyErrors (0ms)
				InitializePlatformSupportModulesInManaged (6ms)
				SetLoadedEditorAssemblies (0ms)
				RefreshPlugins (47ms)
				BeforeProcessingInitializeOnLoad (1ms)
				ProcessInitializeOnLoadAttributes (73ms)
				ProcessInitializeOnLoadMethodAttributes (27ms)
				AfterProcessingInitializeOnLoad (0ms)
				EditorAssembliesLoaded (0ms)
			ExecutionOrderSort2 (0ms)
			AwakeInstancesAfterBackupRestoration (0ms)
Platform modules already initialized, skipping
Registering precompiled user dll's ...
Registered in 0.002805 seconds.
Begin MonoManager ReloadAssembly
Symbol file LoadedFromMemory doesn't match image C:\Users\fko2347002\source\repos\GameEngine\PushCookie\Library\PackageCache\com.unity.visualscripting@1.7.8\Editor\VisualScripting.Core\Dependencies\YamlDotNet\Unity.VisualScripting.YamlDotNet.dll
Symbol file LoadedFromMemory doesn't match image C:\Users\fko2347002\source\repos\GameEngine\PushCookie\Library\PackageCache\com.unity.visualscripting@1.7.8\Editor\VisualScripting.Core\Dependencies\DotNetZip\Unity.VisualScripting.IonicZip.dll
Native extension for WindowsStandalone target not found
Native extension for WebGL target not found
Refreshing native plugins compatible for Editor in 0.39 ms, found 3 plugins.
Preloading 0 native plugins for Editor in 0.00 ms.
Mono: successfully reloaded assembly
- Completed reload, in  0.590 seconds
Domain Reload Profiling:
	ReloadAssembly (590ms)
		BeginReloadAssembly (63ms)
			ExecutionOrderSort (0ms)
			DisableScriptedObjects (3ms)
			BackupInstance (0ms)
			ReleaseScriptingObjects (0ms)
			CreateAndSetChildDomain (12ms)
		EndReloadAssembly (461ms)
			LoadAssemblies (47ms)
			RebuildTransferFunctionScriptingTraits (0ms)
			SetupTypeCache (153ms)
			ReleaseScriptCaches (0ms)
			RebuildScriptCaches (29ms)
			SetupLoadedEditorAssemblies (209ms)
				LogAssemblyErrors (0ms)
				InitializePlatformSupportModulesInManaged (4ms)
				SetLoadedEditorAssemblies (0ms)
				RefreshPlugins (0ms)
				BeforeProcessingInitializeOnLoad (48ms)
				ProcessInitializeOnLoadAttributes (138ms)
				ProcessInitializeOnLoadMethodAttributes (15ms)
				AfterProcessingInitializeOnLoad (3ms)
				EditorAssembliesLoaded (0ms)
			ExecutionOrderSort2 (0ms)
			AwakeInstancesAfterBackupRestoration (4ms)
Platform modules already initialized, skipping
========================================================================
Worker process is ready to serve import requests
Launched and connected shader compiler UnityShaderCompiler.exe after 0.04 seconds
Refreshing native plugins compatible for Editor in 0.37 ms, found 3 plugins.
Preloading 0 native plugins for Editor in 0.00 ms.
Unloading 3361 Unused Serialized files (Serialized files now loaded: 0)
Unloading 27 unused Assets / (113.4 KB). Loaded Objects now: 3818.
Memory consumption went from 115.6 MB to 115.5 MB.
Total: 2.322800 ms (FindLiveObjects: 0.182400 ms CreateObjectMapping: 0.079500 ms MarkObjects: 1.985200 ms  DeleteObjects: 0.074700 ms)

AssetImportParameters requested are different than current active one (requested -> active):
  custom:video-decoder-ogg-theora: a1e56fd34408186e4bbccfd4996cb3dc -> 
  custom:container-muxer-webm: aa71ff27fc2769a1b78a27578f13a17b -> 
  custom:container-demuxer-webm: 4f35f7cbe854078d1ac9338744f61a02 -> 
  custom:video-encoder-webm-vp8: eb34c28f22e8b96e1ab97ce403110664 -> 
  custom:video-codec-MediaFoundation-h265: 746d11721c4dcdbdad8f713fa42b33f4 -> 
  custom:audio-encoder-webm-vorbis: bf7c407c2cedff20999df2af8eb42d56 -> 
  custom:framework-win-MediaFoundation: 216162199b28c13a410421893ffa2e32 -> 
  custom:container-demuxer-ogg: 62fdf1f143b41e24485cea50d1cbac27 -> 
  custom:video-decoder-webm-vp8: 9c59270c3fd7afecdb556c50c9e8de78 -> 
  custom:audio-decoder-ogg-vorbis: bf7c407c2cedff20999df2af8eb42d56 -> 
========================================================================
Received Import Request.
  Time since last request: 21732.473788 seconds.
  path: Assets
  artifactKey: Guid(00000000000000001000000000000000) Importer(815301076,1909f56bfc062723c751e8b465ee728b)
Start importing Assets using Guid(00000000000000001000000000000000) Importer(815301076,1909f56bfc062723c751e8b465ee728b)  -> (artifact id: '79842766b460edbeab6a34051e857a80') in 0.015736 seconds 
========================================================================
Received Import Request.
  Time since last request: 220.192864 seconds.
  path: Assets/Cookie
  artifactKey: Guid(ebbe41f509cb30d4c8241da1e64e2042) Importer(815301076,1909f56bfc062723c751e8b465ee728b)
Start importing Assets/Cookie using Guid(ebbe41f509cb30d4c8241da1e64e2042) Importer(815301076,1909f56bfc062723c751e8b465ee728b)  -> (artifact id: '7243d66a9b994cebf9a35a3d9b0600de') in 0.009475 seconds 
========================================================================
Received Import Request.
  Time since last request: 0.064342 seconds.
  path: Assets/Cookie/Cookie_col.png
  artifactKey: Guid(51cbed0908bcbed449dc7e19e7756056) Importer(815301076,1909f56bfc062723c751e8b465ee728b)
Start importing Assets/Cookie/Cookie_col.png using Guid(51cbed0908bcbed449dc7e19e7756056) Importer(815301076,1909f56bfc062723c751e8b465ee728b)  -> (artifact id: 'cb89287e743030dfe70390b44c2c5025') in 0.096565 seconds 
========================================================================
Received Import Request.
  Time since last request: 0.000019 seconds.
  path: Assets/Cookie/Cookie_Subdivi1.fbx
  artifactKey: Guid(969db8b97140bf840a196fcb04899e52) Importer(815301076,1909f56bfc062723c751e8b465ee728b)
Start importing Assets/Cookie/Cookie_Subdivi1.fbx using Guid(969db8b97140bf840a196fcb04899e52) Importer(815301076,1909f56bfc062723c751e8b465ee728b)  -> (artifact id: '46421d20954fc6082214d4918bb7606e') in 0.221887 seconds 
========================================================================
Received Import Request.
  Time since last request: 542.541202 seconds.
  path: Assets/Factory.png
  artifactKey: Guid(137e9e0ec2ead684d909b8ad2272c2b4) Importer(815301076,1909f56bfc062723c751e8b465ee728b)
Start importing Assets/Factory.png using Guid(137e9e0ec2ead684d909b8ad2272c2b4) Importer(815301076,1909f56bfc062723c751e8b465ee728b)  -> (artifact id: '3cba784dd6fb1846d26e5fd856e66e6a') in 0.019376 seconds 
========================================================================
Received Import Request.
  Time since last request: 4.567818 seconds.
  path: Assets/Hand.png
  artifactKey: Guid(f51da1eab0cc0394fa6fe6d8dcc077aa) Importer(815301076,1909f56bfc062723c751e8b465ee728b)
Start importing Assets/Hand.png using Guid(f51da1eab0cc0394fa6fe6d8dcc077aa) Importer(815301076,1909f56bfc062723c751e8b465ee728b)  -> (artifact id: '076951dcd183d2deb7e59d151b8c921d') in 0.012017 seconds 
========================================================================
Received Import Request.
  Time since last request: 8.813290 seconds.
  path: Assets/Grandma.png
  artifactKey: Guid(0b1992cf6ad25f14287b8f0cb951c4da) Importer(815301076,1909f56bfc062723c751e8b465ee728b)
Start importing Assets/Grandma.png using Guid(0b1992cf6ad25f14287b8f0cb951c4da) Importer(815301076,1909f56bfc062723c751e8b465ee728b)  -> (artifact id: '18f3fc0ba4fc42ae3a83078136a33723') in 0.008698 seconds 
========================================================================
Received Import Request.
  Time since last request: 7.435909 seconds.
  path: Assets/Factory.png
  artifactKey: Guid(137e9e0ec2ead684d909b8ad2272c2b4) Importer(815301076,1909f56bfc062723c751e8b465ee728b)
Start importing Assets/Factory.png using Guid(137e9e0ec2ead684d909b8ad2272c2b4) Importer(815301076,1909f56bfc062723c751e8b465ee728b)  -> (artifact id: 'f4df27bfb6cadaee07bd13da30c25ab9') in 0.005989 seconds 
========================================================================
Received Import Request.
  Time since last request: 3.934925 seconds.
  path: Assets/Grandma.png
  artifactKey: Guid(0b1992cf6ad25f14287b8f0cb951c4da) Importer(815301076,1909f56bfc062723c751e8b465ee728b)
Start importing Assets/Grandma.png using Guid(0b1992cf6ad25f14287b8f0cb951c4da) Importer(815301076,1909f56bfc062723c751e8b465ee728b)  -> (artifact id: '4be012d00c86ed528a1d77e7e63b96f0') in 0.011074 seconds 
========================================================================
Received Import Request.
  Time since last request: 3.943693 seconds.
  path: Assets/Hand.png
  artifactKey: Guid(f51da1eab0cc0394fa6fe6d8dcc077aa) Importer(815301076,1909f56bfc062723c751e8b465ee728b)
Start importing Assets/Hand.png using Guid(f51da1eab0cc0394fa6fe6d8dcc077aa) Importer(815301076,1909f56bfc062723c751e8b465ee728b)  -> (artifact id: '457086ba8e7caf54253dcac4bdac04b3') in 0.005703 seconds 
========================================================================
Received Import Request.
  Time since last request: 58.101338 seconds.
  path: Assets/Hand.png
  artifactKey: Guid(f51da1eab0cc0394fa6fe6d8dcc077aa) Importer(815301076,1909f56bfc062723c751e8b465ee728b)
Start importing Assets/Hand.png using Guid(f51da1eab0cc0394fa6fe6d8dcc077aa) Importer(815301076,1909f56bfc062723c751e8b465ee728b)  -> (artifact id: 'cc907588beb5efe287aaed29c05bbbde') in 0.015367 seconds 
========================================================================
Received Import Request.
  Time since last request: 59.457680 seconds.
  path: Assets/Grandma.png
  artifactKey: Guid(0b1992cf6ad25f14287b8f0cb951c4da) Importer(815301076,1909f56bfc062723c751e8b465ee728b)
Start importing Assets/Grandma.png using Guid(0b1992cf6ad25f14287b8f0cb951c4da) Importer(815301076,1909f56bfc062723c751e8b465ee728b)  -> (artifact id: 'd44b42173a1fab572e313eedfdf3d1e4') in 0.018586 seconds 
========================================================================
Received Import Request.
  Time since last request: 4.039751 seconds.
  path: Assets/Factory.png
  artifactKey: Guid(137e9e0ec2ead684d909b8ad2272c2b4) Importer(815301076,1909f56bfc062723c751e8b465ee728b)
Start importing Assets/Factory.png using Guid(137e9e0ec2ead684d909b8ad2272c2b4) Importer(815301076,1909f56bfc062723c751e8b465ee728b)  -> (artifact id: 'c505b8748bbc6cb3f7cf368d289a2364') in 0.011948 seconds 
========================================================================
Received Import Request.
  Time since last request: 645.216899 seconds.
  path: Assets/test.cs
  artifactKey: Guid(96537562000b2fc48ba1540dd1b25e59) Importer(815301076,1909f56bfc062723c751e8b465ee728b)
Start importing Assets/test.cs using Guid(96537562000b2fc48ba1540dd1b25e59) Importer(815301076,1909f56bfc062723c751e8b465ee728b)  -> (artifact id: '39f269634b68ad9234f5ec71f8526ffd') in 0.011421 seconds 
========================================================================
Received Prepare
Registering precompiled user dll's ...
Registered in 0.002870 seconds.
Begin MonoManager ReloadAssembly
Symbol file LoadedFromMemory doesn't match image C:\Users\fko2347002\source\repos\GameEngine\PushCookie\Library\PackageCache\com.unity.visualscripting@1.7.8\Editor\VisualScripting.Core\Dependencies\YamlDotNet\Unity.VisualScripting.YamlDotNet.dll
Symbol file LoadedFromMemory doesn't match image C:\Users\fko2347002\source\repos\GameEngine\PushCookie\Library\PackageCache\com.unity.visualscripting@1.7.8\Editor\VisualScripting.Core\Dependencies\DotNetZip\Unity.VisualScripting.IonicZip.dll
Native extension for WindowsStandalone target not found
Native extension for WebGL target not found
Refreshing native plugins compatible for Editor in 0.44 ms, found 3 plugins.
Preloading 0 native plugins for Editor in 0.00 ms.
Mono: successfully reloaded assembly
- Completed reload, in  0.646 seconds
Domain Reload Profiling:
	ReloadAssembly (646ms)
		BeginReloadAssembly (90ms)
			ExecutionOrderSort (0ms)
			DisableScriptedObjects (3ms)
			BackupInstance (0ms)
			ReleaseScriptingObjects (0ms)
			CreateAndSetChildDomain (28ms)
		EndReloadAssembly (498ms)
			LoadAssemblies (51ms)
			RebuildTransferFunctionScriptingTraits (0ms)
			SetupTypeCache (171ms)
			ReleaseScriptCaches (1ms)
			RebuildScriptCaches (26ms)
			SetupLoadedEditorAssemblies (218ms)
				LogAssemblyErrors (0ms)
				InitializePlatformSupportModulesInManaged (10ms)
				SetLoadedEditorAssemblies (0ms)
				RefreshPlugins (0ms)
				BeforeProcessingInitializeOnLoad (44ms)
				ProcessInitializeOnLoadAttributes (144ms)
				ProcessInitializeOnLoadMethodAttributes (15ms)
				AfterProcessingInitializeOnLoad (4ms)
				EditorAssembliesLoaded (0ms)
			ExecutionOrderSort2 (0ms)
			AwakeInstancesAfterBackupRestoration (4ms)
Platform modules already initialized, skipping
Refreshing native plugins compatible for Editor in 1.06 ms, found 3 plugins.
Preloading 0 native plugins for Editor in 0.00 ms.
Unloading 3357 Unused Serialized files (Serialized files now loaded: 0)
Unloading 20 unused Assets / (80.0 KB). Loaded Objects now: 3871.
Memory consumption went from 120.4 MB to 120.3 MB.
Total: 2.289700 ms (FindLiveObjects: 0.163800 ms CreateObjectMapping: 0.070700 ms MarkObjects: 1.994100 ms  DeleteObjects: 0.060500 ms)

AssetImportParameters requested are different than current active one (requested -> active):
  custom:video-decoder-ogg-theora: a1e56fd34408186e4bbccfd4996cb3dc -> 
  custom:container-muxer-webm: aa71ff27fc2769a1b78a27578f13a17b -> 
  custom:container-demuxer-webm: 4f35f7cbe854078d1ac9338744f61a02 -> 
  custom:video-encoder-webm-vp8: eb34c28f22e8b96e1ab97ce403110664 -> 
  custom:video-codec-MediaFoundation-h265: 746d11721c4dcdbdad8f713fa42b33f4 -> 
  custom:audio-encoder-webm-vorbis: bf7c407c2cedff20999df2af8eb42d56 -> 
  custom:framework-win-MediaFoundation: 216162199b28c13a410421893ffa2e32 -> 
  custom:container-demuxer-ogg: 62fdf1f143b41e24485cea50d1cbac27 -> 
  custom:video-decoder-webm-vp8: 9c59270c3fd7afecdb556c50c9e8de78 -> 
  custom:audio-decoder-ogg-vorbis: bf7c407c2cedff20999df2af8eb42d56 -> 
========================================================================
Received Prepare
Registering precompiled user dll's ...
Registered in 0.005244 seconds.
Begin MonoManager ReloadAssembly
Symbol file LoadedFromMemory doesn't match image C:\Users\fko2347002\source\repos\GameEngine\PushCookie\Library\PackageCache\com.unity.visualscripting@1.7.8\Editor\VisualScripting.Core\Dependencies\YamlDotNet\Unity.VisualScripting.YamlDotNet.dll
Symbol file LoadedFromMemory doesn't match image C:\Users\fko2347002\source\repos\GameEngine\PushCookie\Library\PackageCache\com.unity.visualscripting@1.7.8\Editor\VisualScripting.Core\Dependencies\DotNetZip\Unity.VisualScripting.IonicZip.dll
Native extension for WindowsStandalone target not found
Native extension for WebGL target not found
Refreshing native plugins compatible for Editor in 0.41 ms, found 3 plugins.
Preloading 0 native plugins for Editor in 0.00 ms.
Mono: successfully reloaded assembly
- Completed reload, in  0.629 seconds
Domain Reload Profiling:
	ReloadAssembly (630ms)
		BeginReloadAssembly (87ms)
			ExecutionOrderSort (0ms)
			DisableScriptedObjects (3ms)
			BackupInstance (0ms)
			ReleaseScriptingObjects (0ms)
			CreateAndSetChildDomain (24ms)
		EndReloadAssembly (482ms)
			LoadAssemblies (51ms)
			RebuildTransferFunctionScriptingTraits (0ms)
			SetupTypeCache (174ms)
			ReleaseScriptCaches (1ms)
			RebuildScriptCaches (28ms)
			SetupLoadedEditorAssemblies (200ms)
				LogAssemblyErrors (0ms)
				InitializePlatformSupportModulesInManaged (10ms)
				SetLoadedEditorAssemblies (0ms)
				RefreshPlugins (0ms)
				BeforeProcessingInitializeOnLoad (41ms)
				ProcessInitializeOnLoadAttributes (131ms)
				ProcessInitializeOnLoadMethodAttributes (14ms)
				AfterProcessingInitializeOnLoad (4ms)
				EditorAssembliesLoaded (0ms)
			ExecutionOrderSort2 (0ms)
			AwakeInstancesAfterBackupRestoration (4ms)
Platform modules already initialized, skipping
Refreshing native plugins compatible for Editor in 0.98 ms, found 3 plugins.
Preloading 0 native plugins for Editor in 0.00 ms.
Unloading 3356 Unused Serialized files (Serialized files now loaded: 0)
Unloading 21 unused Assets / (79.8 KB). Loaded Objects now: 3873.
Memory consumption went from 120.3 MB to 120.3 MB.
Total: 2.307100 ms (FindLiveObjects: 0.165700 ms CreateObjectMapping: 0.077700 ms MarkObjects: 1.997000 ms  DeleteObjects: 0.064700 ms)

AssetImportParameters requested are different than current active one (requested -> active):
  custom:video-decoder-ogg-theora: a1e56fd34408186e4bbccfd4996cb3dc -> 
  custom:container-muxer-webm: aa71ff27fc2769a1b78a27578f13a17b -> 
  custom:container-demuxer-webm: 4f35f7cbe854078d1ac9338744f61a02 -> 
  custom:video-encoder-webm-vp8: eb34c28f22e8b96e1ab97ce403110664 -> 
  custom:video-codec-MediaFoundation-h265: 746d11721c4dcdbdad8f713fa42b33f4 -> 
  custom:audio-encoder-webm-vorbis: bf7c407c2cedff20999df2af8eb42d56 -> 
  custom:framework-win-MediaFoundation: 216162199b28c13a410421893ffa2e32 -> 
  custom:container-demuxer-ogg: 62fdf1f143b41e24485cea50d1cbac27 -> 
  custom:video-decoder-webm-vp8: 9c59270c3fd7afecdb556c50c9e8de78 -> 
  custom:audio-decoder-ogg-vorbis: bf7c407c2cedff20999df2af8eb42d56 -> 
========================================================================
Received Import Request.
  Time since last request: 201.896762 seconds.
  path: Assets/PushCookieManager.cs
  artifactKey: Guid(77d45fce906b5fe47aa41e002f3e3467) Importer(815301076,1909f56bfc062723c751e8b465ee728b)
Start importing Assets/PushCookieManager.cs using Guid(77d45fce906b5fe47aa41e002f3e3467) Importer(815301076,1909f56bfc062723c751e8b465ee728b)  -> (artifact id: 'c55e401d3c0d22620d3f81a5fcd3f1ad') in 0.009395 seconds 
========================================================================
Received Import Request.
  Time since last request: 179.602224 seconds.
  path: Assets/PushCookieManager.cs
  artifactKey: Guid(77d45fce906b5fe47aa41e002f3e3467) Importer(815301076,1909f56bfc062723c751e8b465ee728b)
Start importing Assets/PushCookieManager.cs using Guid(77d45fce906b5fe47aa41e002f3e3467) Importer(815301076,1909f56bfc062723c751e8b465ee728b)  -> (artifact id: 'd32b42134f9e575c0e4d218bf259a5f4') in 0.003862 seconds 
========================================================================
Received Prepare
Registering precompiled user dll's ...
Registered in 0.005943 seconds.
Begin MonoManager ReloadAssembly
Symbol file LoadedFromMemory doesn't match image C:\Users\fko2347002\source\repos\GameEngine\PushCookie\Library\PackageCache\com.unity.visualscripting@1.7.8\Editor\VisualScripting.Core\Dependencies\YamlDotNet\Unity.VisualScripting.YamlDotNet.dll
Symbol file LoadedFromMemory doesn't match image C:\Users\fko2347002\source\repos\GameEngine\PushCookie\Library\PackageCache\com.unity.visualscripting@1.7.8\Editor\VisualScripting.Core\Dependencies\DotNetZip\Unity.VisualScripting.IonicZip.dll
Native extension for WindowsStandalone target not found
Native extension for WebGL target not found
Refreshing native plugins compatible for Editor in 0.60 ms, found 3 plugins.
Preloading 0 native plugins for Editor in 0.00 ms.
Mono: successfully reloaded assembly
- Completed reload, in  1.523 seconds
Domain Reload Profiling:
	ReloadAssembly (1524ms)
		BeginReloadAssembly (193ms)
			ExecutionOrderSort (0ms)
			DisableScriptedObjects (9ms)
			BackupInstance (0ms)
			ReleaseScriptingObjects (0ms)
			CreateAndSetChildDomain (49ms)
		EndReloadAssembly (1178ms)
			LoadAssemblies (120ms)
			RebuildTransferFunctionScriptingTraits (0ms)
			SetupTypeCache (401ms)
			ReleaseScriptCaches (1ms)
			RebuildScriptCaches (73ms)
			SetupLoadedEditorAssemblies (509ms)
				LogAssemblyErrors (0ms)
				InitializePlatformSupportModulesInManaged (26ms)
				SetLoadedEditorAssemblies (1ms)
				RefreshPlugins (1ms)
				BeforeProcessingInitializeOnLoad (86ms)
				ProcessInitializeOnLoadAttributes (351ms)
				ProcessInitializeOnLoadMethodAttributes (37ms)
				AfterProcessingInitializeOnLoad (8ms)
				EditorAssembliesLoaded (0ms)
			ExecutionOrderSort2 (0ms)
			AwakeInstancesAfterBackupRestoration (8ms)
Platform modules already initialized, skipping
Refreshing native plugins compatible for Editor in 1.09 ms, found 3 plugins.
Preloading 0 native plugins for Editor in 0.00 ms.
Unloading 3357 Unused Serialized files (Serialized files now loaded: 0)
Unloading 20 unused Assets / (79.8 KB). Loaded Objects now: 3877.
Memory consumption went from 120.4 MB to 120.3 MB.
Total: 2.132900 ms (FindLiveObjects: 0.169700 ms CreateObjectMapping: 0.080500 ms MarkObjects: 1.803600 ms  DeleteObjects: 0.078100 ms)

AssetImportParameters requested are different than current active one (requested -> active):
  custom:video-decoder-ogg-theora: a1e56fd34408186e4bbccfd4996cb3dc -> 
  custom:container-muxer-webm: aa71ff27fc2769a1b78a27578f13a17b -> 
  custom:container-demuxer-webm: 4f35f7cbe854078d1ac9338744f61a02 -> 
  custom:video-encoder-webm-vp8: eb34c28f22e8b96e1ab97ce403110664 -> 
  custom:video-codec-MediaFoundation-h265: 746d11721c4dcdbdad8f713fa42b33f4 -> 
  custom:audio-encoder-webm-vorbis: bf7c407c2cedff20999df2af8eb42d56 -> 
  custom:framework-win-MediaFoundation: 216162199b28c13a410421893ffa2e32 -> 
  custom:container-demuxer-ogg: 62fdf1f143b41e24485cea50d1cbac27 -> 
  custom:video-decoder-webm-vp8: 9c59270c3fd7afecdb556c50c9e8de78 -> 
  custom:audio-decoder-ogg-vorbis: bf7c407c2cedff20999df2af8eb42d56 -> 
========================================================================
Received Prepare
Registering precompiled user dll's ...
Registered in 0.003868 seconds.
Begin MonoManager ReloadAssembly
Symbol file LoadedFromMemory doesn't match image C:\Users\fko2347002\source\repos\GameEngine\PushCookie\Library\PackageCache\com.unity.visualscripting@1.7.8\Editor\VisualScripting.Core\Dependencies\YamlDotNet\Unity.VisualScripting.YamlDotNet.dll
Symbol file LoadedFromMemory doesn't match image C:\Users\fko2347002\source\repos\GameEngine\PushCookie\Library\PackageCache\com.unity.visualscripting@1.7.8\Editor\VisualScripting.Core\Dependencies\DotNetZip\Unity.VisualScripting.IonicZip.dll
Native extension for WindowsStandalone target not found
Native extension for WebGL target not found
Refreshing native plugins compatible for Editor in 0.43 ms, found 3 plugins.
Preloading 0 native plugins for Editor in 0.00 ms.
Mono: successfully reloaded assembly
- Completed reload, in  0.637 seconds
Domain Reload Profiling:
	ReloadAssembly (638ms)
		BeginReloadAssembly (85ms)
			ExecutionOrderSort (0ms)
			DisableScriptedObjects (3ms)
			BackupInstance (0ms)
			ReleaseScriptingObjects (0ms)
			CreateAndSetChildDomain (24ms)
		EndReloadAssembly (493ms)
			LoadAssemblies (51ms)
			RebuildTransferFunctionScriptingTraits (0ms)
			SetupTypeCache (158ms)
			ReleaseScriptCaches (1ms)
			RebuildScriptCaches (27ms)
			SetupLoadedEditorAssemblies (222ms)
				LogAssemblyErrors (0ms)
				InitializePlatformSupportModulesInManaged (10ms)
				SetLoadedEditorAssemblies (0ms)
				RefreshPlugins (0ms)
				BeforeProcessingInitializeOnLoad (42ms)
				ProcessInitializeOnLoadAttributes (149ms)
				ProcessInitializeOnLoadMethodAttributes (16ms)
				AfterProcessingInitializeOnLoad (4ms)
				EditorAssembliesLoaded (0ms)
			ExecutionOrderSort2 (0ms)
			AwakeInstancesAfterBackupRestoration (4ms)
Platform modules already initialized, skipping
Refreshing native plugins compatible for Editor in 1.15 ms, found 3 plugins.
Preloading 0 native plugins for Editor in 0.00 ms.
Unloading 3357 Unused Serialized files (Serialized files now loaded: 0)
Unloading 20 unused Assets / (79.9 KB). Loaded Objects now: 3880.
Memory consumption went from 120.4 MB to 120.3 MB.
Total: 2.122300 ms (FindLiveObjects: 0.198700 ms CreateObjectMapping: 0.106100 ms MarkObjects: 1.757500 ms  DeleteObjects: 0.059200 ms)

AssetImportParameters requested are different than current active one (requested -> active):
  custom:video-decoder-ogg-theora: a1e56fd34408186e4bbccfd4996cb3dc -> 
  custom:container-muxer-webm: aa71ff27fc2769a1b78a27578f13a17b -> 
  custom:container-demuxer-webm: 4f35f7cbe854078d1ac9338744f61a02 -> 
  custom:video-encoder-webm-vp8: eb34c28f22e8b96e1ab97ce403110664 -> 
  custom:video-codec-MediaFoundation-h265: 746d11721c4dcdbdad8f713fa42b33f4 -> 
  custom:audio-encoder-webm-vorbis: bf7c407c2cedff20999df2af8eb42d56 -> 
  custom:framework-win-MediaFoundation: 216162199b28c13a410421893ffa2e32 -> 
  custom:container-demuxer-ogg: 62fdf1f143b41e24485cea50d1cbac27 -> 
  custom:video-decoder-webm-vp8: 9c59270c3fd7afecdb556c50c9e8de78 -> 
  custom:audio-decoder-ogg-vorbis: bf7c407c2cedff20999df2af8eb42d56 -> 
========================================================================
Received Prepare
Registering precompiled user dll's ...
Registered in 0.004019 seconds.
Begin MonoManager ReloadAssembly
Symbol file LoadedFromMemory doesn't match image C:\Users\fko2347002\source\repos\GameEngine\PushCookie\Library\PackageCache\com.unity.visualscripting@1.7.8\Editor\VisualScripting.Core\Dependencies\YamlDotNet\Unity.VisualScripting.YamlDotNet.dll
Symbol file LoadedFromMemory doesn't match image C:\Users\fko2347002\source\repos\GameEngine\PushCookie\Library\PackageCache\com.unity.visualscripting@1.7.8\Editor\VisualScripting.Core\Dependencies\DotNetZip\Unity.VisualScripting.IonicZip.dll
Native extension for WindowsStandalone target not found
Native extension for WebGL target not found
Refreshing native plugins compatible for Editor in 0.41 ms, found 3 plugins.
Preloading 0 native plugins for Editor in 0.00 ms.
Mono: successfully reloaded assembly
- Completed reload, in  0.634 seconds
Domain Reload Profiling:
	ReloadAssembly (634ms)
		BeginReloadAssembly (85ms)
			ExecutionOrderSort (0ms)
			DisableScriptedObjects (3ms)
			BackupInstance (0ms)
			ReleaseScriptingObjects (0ms)
			CreateAndSetChildDomain (23ms)
		EndReloadAssembly (492ms)
			LoadAssemblies (51ms)
			RebuildTransferFunctionScriptingTraits (0ms)
			SetupTypeCache (155ms)
			ReleaseScriptCaches (1ms)
			RebuildScriptCaches (28ms)
			SetupLoadedEditorAssemblies (223ms)
				LogAssemblyErrors (0ms)
				InitializePlatformSupportModulesInManaged (10ms)
				SetLoadedEditorAssemblies (0ms)
				RefreshPlugins (0ms)
				BeforeProcessingInitializeOnLoad (43ms)
				ProcessInitializeOnLoadAttributes (148ms)
				ProcessInitializeOnLoadMethodAttributes (17ms)
				AfterProcessingInitializeOnLoad (4ms)
				EditorAssembliesLoaded (0ms)
			ExecutionOrderSort2 (0ms)
			AwakeInstancesAfterBackupRestoration (5ms)
Platform modules already initialized, skipping
Refreshing native plugins compatible for Editor in 1.04 ms, found 3 plugins.
Preloading 0 native plugins for Editor in 0.00 ms.
Unloading 3357 Unused Serialized files (Serialized files now loaded: 0)
Unloading 20 unused Assets / (79.8 KB). Loaded Objects now: 3883.
Memory consumption went from 120.4 MB to 120.3 MB.
Total: 2.101800 ms (FindLiveObjects: 0.160400 ms CreateObjectMapping: 0.092500 ms MarkObjects: 1.782900 ms  DeleteObjects: 0.065300 ms)

AssetImportParameters requested are different than current active one (requested -> active):
  custom:video-decoder-ogg-theora: a1e56fd34408186e4bbccfd4996cb3dc -> 
  custom:container-muxer-webm: aa71ff27fc2769a1b78a27578f13a17b -> 
  custom:container-demuxer-webm: 4f35f7cbe854078d1ac9338744f61a02 -> 
  custom:video-encoder-webm-vp8: eb34c28f22e8b96e1ab97ce403110664 -> 
  custom:video-codec-MediaFoundation-h265: 746d11721c4dcdbdad8f713fa42b33f4 -> 
  custom:audio-encoder-webm-vorbis: bf7c407c2cedff20999df2af8eb42d56 -> 
  custom:framework-win-MediaFoundation: 216162199b28c13a410421893ffa2e32 -> 
  custom:container-demuxer-ogg: 62fdf1f143b41e24485cea50d1cbac27 -> 
  custom:video-decoder-webm-vp8: 9c59270c3fd7afecdb556c50c9e8de78 -> 
  custom:audio-decoder-ogg-vorbis: bf7c407c2cedff20999df2af8eb42d56 -> 
========================================================================
Received Prepare
Registering precompiled user dll's ...
Registered in 0.005421 seconds.
Begin MonoManager ReloadAssembly
Symbol file LoadedFromMemory doesn't match image C:\Users\fko2347002\source\repos\GameEngine\PushCookie\Library\PackageCache\com.unity.visualscripting@1.7.8\Editor\VisualScripting.Core\Dependencies\YamlDotNet\Unity.VisualScripting.YamlDotNet.dll
Symbol file LoadedFromMemory doesn't match image C:\Users\fko2347002\source\repos\GameEngine\PushCookie\Library\PackageCache\com.unity.visualscripting@1.7.8\Editor\VisualScripting.Core\Dependencies\DotNetZip\Unity.VisualScripting.IonicZip.dll
Native extension for WindowsStandalone target not found
Native extension for WebGL target not found
Refreshing native plugins compatible for Editor in 1.10 ms, found 3 plugins.
Preloading 0 native plugins for Editor in 0.00 ms.
Mono: successfully reloaded assembly
- Completed reload, in  1.140 seconds
Domain Reload Profiling:
	ReloadAssembly (1141ms)
		BeginReloadAssembly (147ms)
			ExecutionOrderSort (0ms)
			DisableScriptedObjects (7ms)
			BackupInstance (0ms)
			ReleaseScriptingObjects (0ms)
			CreateAndSetChildDomain (35ms)
		EndReloadAssembly (884ms)
			LoadAssemblies (96ms)
			RebuildTransferFunctionScriptingTraits (0ms)
			SetupTypeCache (297ms)
			ReleaseScriptCaches (1ms)
			RebuildScriptCaches (46ms)
			SetupLoadedEditorAssemblies (387ms)
				LogAssemblyErrors (0ms)
				InitializePlatformSupportModulesInManaged (19ms)
				SetLoadedEditorAssemblies (1ms)
				RefreshPlugins (1ms)
				BeforeProcessingInitializeOnLoad (72ms)
				ProcessInitializeOnLoadAttributes (257ms)
				ProcessInitializeOnLoadMethodAttributes (27ms)
				AfterProcessingInitializeOnLoad (11ms)
				EditorAssembliesLoaded (0ms)
			ExecutionOrderSort2 (0ms)
			AwakeInstancesAfterBackupRestoration (12ms)
Platform modules already initialized, skipping
Refreshing native plugins compatible for Editor in 1.90 ms, found 3 plugins.
Preloading 0 native plugins for Editor in 0.00 ms.
Unloading 3357 Unused Serialized files (Serialized files now loaded: 0)
Unloading 20 unused Assets / (79.9 KB). Loaded Objects now: 3886.
Memory consumption went from 120.4 MB to 120.3 MB.
Total: 2.945200 ms (FindLiveObjects: 0.354300 ms CreateObjectMapping: 0.080600 ms MarkObjects: 2.356200 ms  DeleteObjects: 0.153000 ms)

AssetImportParameters requested are different than current active one (requested -> active):
  custom:video-decoder-ogg-theora: a1e56fd34408186e4bbccfd4996cb3dc -> 
  custom:container-muxer-webm: aa71ff27fc2769a1b78a27578f13a17b -> 
  custom:container-demuxer-webm: 4f35f7cbe854078d1ac9338744f61a02 -> 
  custom:video-encoder-webm-vp8: eb34c28f22e8b96e1ab97ce403110664 -> 
  custom:video-codec-MediaFoundation-h265: 746d11721c4dcdbdad8f713fa42b33f4 -> 
  custom:audio-encoder-webm-vorbis: bf7c407c2cedff20999df2af8eb42d56 -> 
  custom:framework-win-MediaFoundation: 216162199b28c13a410421893ffa2e32 -> 
  custom:container-demuxer-ogg: 62fdf1f143b41e24485cea50d1cbac27 -> 
  custom:video-decoder-webm-vp8: 9c59270c3fd7afecdb556c50c9e8de78 -> 
  custom:audio-decoder-ogg-vorbis: bf7c407c2cedff20999df2af8eb42d56 -> 
========================================================================
Received Import Request.
  Time since last request: 275.199274 seconds.
  path: Assets/PushCookieManager.cs
  artifactKey: Guid(77d45fce906b5fe47aa41e002f3e3467) Importer(815301076,1909f56bfc062723c751e8b465ee728b)
Start importing Assets/PushCookieManager.cs using Guid(77d45fce906b5fe47aa41e002f3e3467) Importer(815301076,1909f56bfc062723c751e8b465ee728b)  -> (artifact id: 'd8aa448786467e37d158c2305f354151') in 0.009824 seconds 
========================================================================
Received Prepare
Registering precompiled user dll's ...
Registered in 0.005244 seconds.
Begin MonoManager ReloadAssembly
Symbol file LoadedFromMemory doesn't match image C:\Users\fko2347002\source\repos\GameEngine\PushCookie\Library\PackageCache\com.unity.visualscripting@1.7.8\Editor\VisualScripting.Core\Dependencies\YamlDotNet\Unity.VisualScripting.YamlDotNet.dll
Symbol file LoadedFromMemory doesn't match image C:\Users\fko2347002\source\repos\GameEngine\PushCookie\Library\PackageCache\com.unity.visualscripting@1.7.8\Editor\VisualScripting.Core\Dependencies\DotNetZip\Unity.VisualScripting.IonicZip.dll
Native extension for WindowsStandalone target not found
Native extension for WebGL target not found
Refreshing native plugins compatible for Editor in 0.89 ms, found 3 plugins.
Preloading 0 native plugins for Editor in 0.00 ms.
Mono: successfully reloaded assembly
- Completed reload, in  1.186 seconds
Domain Reload Profiling:
	ReloadAssembly (1187ms)
		BeginReloadAssembly (150ms)
			ExecutionOrderSort (0ms)
			DisableScriptedObjects (6ms)
			BackupInstance (0ms)
			ReleaseScriptingObjects (0ms)
			CreateAndSetChildDomain (40ms)
		EndReloadAssembly (927ms)
			LoadAssemblies (93ms)
			RebuildTransferFunctionScriptingTraits (0ms)
			SetupTypeCache (276ms)
			ReleaseScriptCaches (1ms)
			RebuildScriptCaches (50ms)
			SetupLoadedEditorAssemblies (457ms)
				LogAssemblyErrors (0ms)
				InitializePlatformSupportModulesInManaged (34ms)
				SetLoadedEditorAssemblies (1ms)
				RefreshPlugins (1ms)
				BeforeProcessingInitializeOnLoad (105ms)
				ProcessInitializeOnLoadAttributes (283ms)
				ProcessInitializeOnLoadMethodAttributes (25ms)
				AfterProcessingInitializeOnLoad (6ms)
				EditorAssembliesLoaded (0ms)
			ExecutionOrderSort2 (0ms)
			AwakeInstancesAfterBackupRestoration (8ms)
Platform modules already initialized, skipping
Refreshing native plugins compatible for Editor in 2.03 ms, found 3 plugins.
Preloading 0 native plugins for Editor in 0.00 ms.
Unloading 3357 Unused Serialized files (Serialized files now loaded: 0)
Unloading 20 unused Assets / (79.9 KB). Loaded Objects now: 3889.
Memory consumption went from 120.4 MB to 120.3 MB.
Total: 3.221500 ms (FindLiveObjects: 0.342800 ms CreateObjectMapping: 0.092500 ms MarkObjects: 2.693800 ms  DeleteObjects: 0.091100 ms)

AssetImportParameters requested are different than current active one (requested -> active):
  custom:video-decoder-ogg-theora: a1e56fd34408186e4bbccfd4996cb3dc -> 
  custom:container-muxer-webm: aa71ff27fc2769a1b78a27578f13a17b -> 
  custom:container-demuxer-webm: 4f35f7cbe854078d1ac9338744f61a02 -> 
  custom:video-encoder-webm-vp8: eb34c28f22e8b96e1ab97ce403110664 -> 
  custom:video-codec-MediaFoundation-h265: 746d11721c4dcdbdad8f713fa42b33f4 -> 
  custom:audio-encoder-webm-vorbis: bf7c407c2cedff20999df2af8eb42d56 -> 
  custom:framework-win-MediaFoundation: 216162199b28c13a410421893ffa2e32 -> 
  custom:container-demuxer-ogg: 62fdf1f143b41e24485cea50d1cbac27 -> 
  custom:video-decoder-webm-vp8: 9c59270c3fd7afecdb556c50c9e8de78 -> 
  custom:audio-decoder-ogg-vorbis: bf7c407c2cedff20999df2af8eb42d56 -> 
========================================================================
Received Prepare
Registering precompiled user dll's ...
Registered in 0.005863 seconds.
Begin MonoManager ReloadAssembly
Symbol file LoadedFromMemory doesn't match image C:\Users\fko2347002\source\repos\GameEngine\PushCookie\Library\PackageCache\com.unity.visualscripting@1.7.8\Editor\VisualScripting.Core\Dependencies\YamlDotNet\Unity.VisualScripting.YamlDotNet.dll
Symbol file LoadedFromMemory doesn't match image C:\Users\fko2347002\source\repos\GameEngine\PushCookie\Library\PackageCache\com.unity.visualscripting@1.7.8\Editor\VisualScripting.Core\Dependencies\DotNetZip\Unity.VisualScripting.IonicZip.dll
Native extension for WindowsStandalone target not found
Native extension for WebGL target not found
Refreshing native plugins compatible for Editor in 0.45 ms, found 3 plugins.
Preloading 0 native plugins for Editor in 0.00 ms.
Mono: successfully reloaded assembly
- Completed reload, in  0.863 seconds
Domain Reload Profiling:
	ReloadAssembly (864ms)
		BeginReloadAssembly (149ms)
			ExecutionOrderSort (0ms)
			DisableScriptedObjects (6ms)
			BackupInstance (0ms)
			ReleaseScriptingObjects (0ms)
			CreateAndSetChildDomain (41ms)
		EndReloadAssembly (600ms)
			LoadAssemblies (89ms)
			RebuildTransferFunctionScriptingTraits (0ms)
			SetupTypeCache (252ms)
			ReleaseScriptCaches (1ms)
			RebuildScriptCaches (27ms)
			SetupLoadedEditorAssemblies (222ms)
				LogAssemblyErrors (0ms)
				InitializePlatformSupportModulesInManaged (9ms)
				SetLoadedEditorAssemblies (0ms)
				RefreshPlugins (0ms)
				BeforeProcessingInitializeOnLoad (43ms)
				ProcessInitializeOnLoadAttributes (148ms)
				ProcessInitializeOnLoadMethodAttributes (18ms)
				AfterProcessingInitializeOnLoad (4ms)
				EditorAssembliesLoaded (0ms)
			ExecutionOrderSort2 (0ms)
			AwakeInstancesAfterBackupRestoration (4ms)
Platform modules already initialized, skipping
Refreshing native plugins compatible for Editor in 1.37 ms, found 3 plugins.
Preloading 0 native plugins for Editor in 0.00 ms.
Unloading 3357 Unused Serialized files (Serialized files now loaded: 0)
Unloading 20 unused Assets / (79.8 KB). Loaded Objects now: 3892.
Memory consumption went from 120.4 MB to 120.3 MB.
Total: 2.314800 ms (FindLiveObjects: 0.193500 ms CreateObjectMapping: 0.095000 ms MarkObjects: 1.960200 ms  DeleteObjects: 0.065300 ms)

AssetImportParameters requested are different than current active one (requested -> active):
  custom:video-decoder-ogg-theora: a1e56fd34408186e4bbccfd4996cb3dc -> 
  custom:container-muxer-webm: aa71ff27fc2769a1b78a27578f13a17b -> 
  custom:container-demuxer-webm: 4f35f7cbe854078d1ac9338744f61a02 -> 
  custom:video-encoder-webm-vp8: eb34c28f22e8b96e1ab97ce403110664 -> 
  custom:video-codec-MediaFoundation-h265: 746d11721c4dcdbdad8f713fa42b33f4 -> 
  custom:audio-encoder-webm-vorbis: bf7c407c2cedff20999df2af8eb42d56 -> 
  custom:framework-win-MediaFoundation: 216162199b28c13a410421893ffa2e32 -> 
  custom:container-demuxer-ogg: 62fdf1f143b41e24485cea50d1cbac27 -> 
  custom:video-decoder-webm-vp8: 9c59270c3fd7afecdb556c50c9e8de78 -> 
  custom:audio-decoder-ogg-vorbis: bf7c407c2cedff20999df2af8eb42d56 -> 
========================================================================
Received Import Request.
  Time since last request: 1142.082369 seconds.
  path: Assets/Cookie/Cookie_Subdivi1.prefab
  artifactKey: Guid(16eacde60b8cf464fa25430fe9c7195f) Importer(815301076,1909f56bfc062723c751e8b465ee728b)
Start importing Assets/Cookie/Cookie_Subdivi1.prefab using Guid(16eacde60b8cf464fa25430fe9c7195f) Importer(815301076,1909f56bfc062723c751e8b465ee728b)  -> (artifact id: '8f3fabc5d24ab693becda9f9fcd6fa98') in 0.065529 seconds 
========================================================================
Received Import Request.
  Time since last request: 69.918736 seconds.
  path: Assets/preCookie.cs
  artifactKey: Guid(d0d1f269e8e31d24f9a5ebacfeb04f85) Importer(815301076,1909f56bfc062723c751e8b465ee728b)
Start importing Assets/preCookie.cs using Guid(d0d1f269e8e31d24f9a5ebacfeb04f85) Importer(815301076,1909f56bfc062723c751e8b465ee728b)  -> (artifact id: 'bc10a9214893412fe150450d5ed00a57') in 0.007768 seconds 
========================================================================
Received Import Request.
  Time since last request: 116.012062 seconds.
  path: Assets/preCookie.cs
  artifactKey: Guid(d0d1f269e8e31d24f9a5ebacfeb04f85) Importer(815301076,1909f56bfc062723c751e8b465ee728b)
Start importing Assets/preCookie.cs using Guid(d0d1f269e8e31d24f9a5ebacfeb04f85) Importer(815301076,1909f56bfc062723c751e8b465ee728b)  -> (artifact id: '4c726b656804230bc14efebc53fba2a7') in 0.003154 seconds 
========================================================================
Received Import Request.
  Time since last request: 11.479710 seconds.
  path: Assets/preCookie.cs
  artifactKey: Guid(d0d1f269e8e31d24f9a5ebacfeb04f85) Importer(815301076,1909f56bfc062723c751e8b465ee728b)
Start importing Assets/preCookie.cs using Guid(d0d1f269e8e31d24f9a5ebacfeb04f85) Importer(815301076,1909f56bfc062723c751e8b465ee728b)  -> (artifact id: 'edecf2fcc9c45df234bfad93543b282e') in 0.004972 seconds 
========================================================================
Received Import Request.
  Time since last request: 125.617291 seconds.
  path: Assets/preCookie.cs
  artifactKey: Guid(d0d1f269e8e31d24f9a5ebacfeb04f85) Importer(815301076,1909f56bfc062723c751e8b465ee728b)
Start importing Assets/preCookie.cs using Guid(d0d1f269e8e31d24f9a5ebacfeb04f85) Importer(815301076,1909f56bfc062723c751e8b465ee728b)  -> (artifact id: 'd99fdc702166320addd068aa9dbe432f') in 0.002703 seconds 
========================================================================
Received Import Request.
  Time since last request: 79.613110 seconds.
  path: Assets/preCookie.cs
  artifactKey: Guid(d0d1f269e8e31d24f9a5ebacfeb04f85) Importer(815301076,1909f56bfc062723c751e8b465ee728b)
Start importing Assets/preCookie.cs using Guid(d0d1f269e8e31d24f9a5ebacfeb04f85) Importer(815301076,1909f56bfc062723c751e8b465ee728b)  -> (artifact id: 'c7a113ce8e541ce3db8cc2a7f6f1ea29') in 0.003103 seconds 
========================================================================
Received Import Request.
  Time since last request: 40.642487 seconds.
  path: Assets/preCookie.cs
  artifactKey: Guid(d0d1f269e8e31d24f9a5ebacfeb04f85) Importer(815301076,1909f56bfc062723c751e8b465ee728b)
Start importing Assets/preCookie.cs using Guid(d0d1f269e8e31d24f9a5ebacfeb04f85) Importer(815301076,1909f56bfc062723c751e8b465ee728b)  -> (artifact id: '63c584acb482546b999a9014995efb6b') in 0.002215 seconds 
========================================================================
Received Import Request.
  Time since last request: 146.414485 seconds.
  path: Assets/Resources
  artifactKey: Guid(3535c999fba16d9438c05ad55806d913) Importer(815301076,1909f56bfc062723c751e8b465ee728b)
Start importing Assets/Resources using Guid(3535c999fba16d9438c05ad55806d913) Importer(815301076,1909f56bfc062723c751e8b465ee728b)  -> (artifact id: '3770548138c6422958dfdab4b5c78d25') in 0.005167 seconds 
========================================================================
Received Import Request.
  Time since last request: 9.922098 seconds.
  path: Assets/preCookle.prefab
  artifactKey: Guid(69677d9b5a2f2cd4d9eaecb3894072ba) Importer(815301076,1909f56bfc062723c751e8b465ee728b)
Start importing Assets/preCookle.prefab using Guid(69677d9b5a2f2cd4d9eaecb3894072ba) Importer(815301076,1909f56bfc062723c751e8b465ee728b)  -> (artifact id: '83e06e80453cdd71608456afc012beef') in 0.025993 seconds 
========================================================================
Received Import Request.
  Time since last request: 28.889209 seconds.
  path: Assets/PushCookieManager.cs
  artifactKey: Guid(77d45fce906b5fe47aa41e002f3e3467) Importer(815301076,1909f56bfc062723c751e8b465ee728b)
Start importing Assets/PushCookieManager.cs using Guid(77d45fce906b5fe47aa41e002f3e3467) Importer(815301076,1909f56bfc062723c751e8b465ee728b)  -> (artifact id: 'bb19ab674f007764d843f3a119889bed') in 0.002017 seconds 
========================================================================
Received Import Request.
  Time since last request: 246.519250 seconds.
  path: Assets/PushCookieManager.cs
  artifactKey: Guid(77d45fce906b5fe47aa41e002f3e3467) Importer(815301076,1909f56bfc062723c751e8b465ee728b)
Start importing Assets/PushCookieManager.cs using Guid(77d45fce906b5fe47aa41e002f3e3467) Importer(815301076,1909f56bfc062723c751e8b465ee728b)  -> (artifact id: '62a0e31b98b17e20b825092e7de6113e') in 0.006247 seconds 
========================================================================
Received Import Request.
  Time since last request: 442.086333 seconds.
  path: Assets/PushCookieManager.cs
  artifactKey: Guid(77d45fce906b5fe47aa41e002f3e3467) Importer(815301076,1909f56bfc062723c751e8b465ee728b)
Start importing Assets/PushCookieManager.cs using Guid(77d45fce906b5fe47aa41e002f3e3467) Importer(815301076,1909f56bfc062723c751e8b465ee728b)  -> (artifact id: '941da9f21748ef859120b54cf462a1c4') in 0.002888 seconds 
